  Building Custom Rule C:/CGBVRahmenprogramm/Dependencies/GLTools/CMakeLists.txt
  CMake does not need to re-run because C:/CGBVRahmenprogramm/build/Dependencies/GLTools/CMakeFiles/generate.stamp is up-to-date.
  GLBatch.cpp
  GLShaderManager.cpp
  GLTools.cpp
C:\CGBVRahmenprogramm\Dependencies\GLTools\src\GLTools.cpp(395): warning C4244: "=": Konvertierung von "double" in "float", möglicher Datenverlust
C:\CGBVRahmenprogramm\Dependencies\GLTools\src\GLTools.cpp(396): warning C4244: "=": Konvertierung von "double" in "float", möglicher Datenverlust
C:\CGBVRahmenprogramm\Dependencies\GLTools\src\GLTools.cpp(407): warning C4244: "=": Konvertierung von "double" in "float", möglicher Datenverlust
C:\CGBVRahmenprogramm\Dependencies\GLTools\src\GLTools.cpp(408): warning C4244: "=": Konvertierung von "double" in "float", möglicher Datenverlust
C:\CGBVRahmenprogramm\Dependencies\GLTools\src\GLTools.cpp(419): warning C4244: "=": Konvertierung von "double" in "float", möglicher Datenverlust
C:\CGBVRahmenprogramm\Dependencies\GLTools\src\GLTools.cpp(420): warning C4244: "=": Konvertierung von "double" in "float", möglicher Datenverlust
C:\CGBVRahmenprogramm\Dependencies\GLTools\src\GLTools.cpp(432): warning C4244: "=": Konvertierung von "double" in "float", möglicher Datenverlust
C:\CGBVRahmenprogramm\Dependencies\GLTools\src\GLTools.cpp(433): warning C4244: "=": Konvertierung von "double" in "float", möglicher Datenverlust
C:\CGBVRahmenprogramm\Dependencies\GLTools\src\GLTools.cpp(528): warning C4244: "=": Konvertierung von "double" in "float", möglicher Datenverlust
C:\CGBVRahmenprogramm\Dependencies\GLTools\src\GLTools.cpp(529): warning C4244: "=": Konvertierung von "double" in "float", möglicher Datenverlust
C:\CGBVRahmenprogramm\Dependencies\GLTools\src\GLTools.cpp(541): warning C4244: "=": Konvertierung von "double" in "float", möglicher Datenverlust
C:\CGBVRahmenprogramm\Dependencies\GLTools\src\GLTools.cpp(542): warning C4244: "=": Konvertierung von "double" in "float", möglicher Datenverlust
C:\CGBVRahmenprogramm\Dependencies\GLTools\src\GLTools.cpp(559): warning C4244: "=": Konvertierung von "double" in "float", möglicher Datenverlust
C:\CGBVRahmenprogramm\Dependencies\GLTools\src\GLTools.cpp(560): warning C4244: "=": Konvertierung von "double" in "float", möglicher Datenverlust
C:\CGBVRahmenprogramm\Dependencies\GLTools\src\GLTools.cpp(572): warning C4244: "=": Konvertierung von "double" in "float", möglicher Datenverlust
C:\CGBVRahmenprogramm\Dependencies\GLTools\src\GLTools.cpp(573): warning C4244: "=": Konvertierung von "double" in "float", möglicher Datenverlust
  GLTriangleBatch.cpp
  math3d.cpp
  Code wird generiert...
  GLTools.vcxproj -> C:\CGBVRahmenprogramm\build\Dependencies\GLTools\Debug\GLTools.lib
